Start testing: Jun 08 12:52 IST
----------------------------------------------------------
1/1 Testing: OrderManagerBasicTest
1/1 Test: OrderManagerBasicTest
Command: "/mnt/d/Code/GitHub/Algotrader/build/tests/OrderManager_test"
Directory: /mnt/d/Code/GitHub/Algotrader/build/tests
"OrderManagerBasicTest" start time: Jun 08 12:52 IST
Output:
----------------------------------------------------------
OrderManager: Submitting order OMS_1749367370777_c0b4b6
testOrderSubmission: PASSED
OrderManager: Submitting order OMS_1749367370777_9dd803
OrderManager: Requesting cancel for order OMS_1749367370777_9dd803
OrderManager: Processing execution report for OMS_1749367370777_9dd803. New status: 7, Filled: 0/50
OrderManager: Order OMS_1749367370777_9dd803 reached terminal state: 7
testOrderCancellation: PASSED
OrderManager: Submitting order OMS_1749367370777_63fa81
OrderManager: Processing execution report for OMS_1749367370777_63fa81. New status: 4, Filled: 10/20
OrderManager: Processing execution report for OMS_1749367370777_63fa81. New status: 5, Filled: 20/20
OrderManager: Order OMS_1749367370777_63fa81 reached terminal state: 5
testExecutionReportProcessing_Fill: PASSED (Partial and Full)
All OrderManager tests passed.
<end of output>
Test time =   0.00 sec
----------------------------------------------------------
Test Passed.
"OrderManagerBasicTest" end time: Jun 08 12:52 IST
"OrderManagerBasicTest" time elapsed: 00:00:00
----------------------------------------------------------

End testing: Jun 08 12:52 IST
